<?xml version="1.0" encoding="UTF-8"?>
<testng-results ignored="0" total="1" passed="1" failed="0" skipped="0">
  <reporter-output>
  </reporter-output>
  <suite started-at="2024-04-03T10:52:39Z" name="Default suite" finished-at="2024-04-03T10:53:09Z" duration-ms="29654">
    <groups>
    </groups>
    <test started-at="2024-04-03T10:52:39Z" name="Default test" finished-at="2024-04-03T10:53:09Z" duration-ms="29654">
      <class name="AppRelease.login">
        <test-method is-config="true" signature="configureAppium()[pri:0, instance:AppRelease.login@17f62e33]" started-at="2024-04-03T16:22:39Z" name="configureAppium" finished-at="2024-04-03T16:22:53Z" duration-ms="13607" status="PASS">
          <reporter-output>
          </reporter-output>
        </test-method> <!-- configureAppium -->
        <test-method signature="loginTest()[pri:0, instance:AppRelease.login@17f62e33]" started-at="2024-04-03T16:22:53Z" name="loginTest" finished-at="2024-04-03T16:23:03Z" duration-ms="10052" status="PASS">
          <reporter-output>
          </reporter-output>
        </test-method> <!-- loginTest -->
        <test-method is-config="true" signature="tearDown()[pri:0, instance:AppRelease.login@17f62e33]" started-at="2024-04-03T16:23:03Z" name="tearDown" finished-at="2024-04-03T16:23:09Z" duration-ms="5967" status="PASS">
          <reporter-output>
          </reporter-output>
        </test-method> <!-- tearDown -->
        <test-method is-config="true" signature="tearDown()[pri:0, instance:AppRelease.login@17f62e33]" started-at="2024-04-03T16:23:09Z" name="tearDown" finished-at="2024-04-03T16:23:09Z" duration-ms="0" status="PASS">
          <reporter-output>
          </reporter-output>
        </test-method> <!-- tearDown -->
      </class> <!-- AppRelease.login -->
    </test> <!-- Default test -->
  </suite> <!-- Default suite -->
</testng-results>
