<?xml version="1.0" encoding="UTF-8"?>
<testng-results ignored="0" total="1" passed="0" failed="1" skipped="0">
  <reporter-output>
  </reporter-output>
  <suite started-at="2024-04-15T06:43:48Z" name="Default suite" finished-at="2024-04-15T06:44:32Z" duration-ms="44161">
    <groups>
    </groups>
    <test started-at="2024-04-15T06:43:48Z" name="Default test" finished-at="2024-04-15T06:44:32Z" duration-ms="44161">
      <class name="FaceBookTests.signUpTest">
        <test-method is-config="true" signature="configureAppium()[pri:0, instance:FaceBookTests.signUpTest@2c07545f]" started-at="2024-04-15T12:13:48Z" name="configureAppium" finished-at="2024-04-15T12:14:03Z" duration-ms="15053" status="PASS">
          <reporter-output>
          </reporter-output>
        </test-method> <!-- configureAppium -->
        <test-method signature="signUp()[pri:0, instance:FaceBookTests.signUpTest@2c07545f]" started-at="2024-04-15T12:14:03Z" name="signUp" finished-at="2024-04-15T12:14:26Z" duration-ms="23396" status="FAIL">
          <exception class="org.openqa.selenium.StaleElementReferenceException">
            <message>
              <![CDATA[The element 'By.xpath: //android.widget.MultiAutoCompleteTextView' is not linked to the same object in DOM anymore
For documentation on this error, please visit: https://www.selenium.dev/documentation/webdriver/troubleshooting/errors#stale-element-reference-exception
Build info: version: '4.18.1', revision: 'b1d3319b48'
System info: os.name: 'Linux', os.arch: 'amd64', os.version: '6.5.0-27-generic', java.version: '17.0.10'
Driver info: io.appium.java_client.android.AndroidDriver
Command: [e0c4f6b7-ccbb-4e74-9a9a-7f128c0c783b, sendKeysToElement {id=00000000-0000-0043-ffff-ffff00000019, value=[Ljava.lang.CharSequence;@1e6b9a95}]
Capabilities {appium:app: /home/ranin/eclipse-workspa..., appium:appPackage: com.facebook.lite, appium:automationName: UIAutomator2, appium:databaseEnabled: false, appium:desired: {app: /home/ranin/eclipse-workspa..., automationName: UIAutomator2, deviceName: Pixel 3 XL API 29, platformName: ANDROID, platformVersion: 10}, appium:deviceApiLevel: 29, appium:deviceManufacturer: Google, appium:deviceModel: Android SDK built for x86, appium:deviceName: emulator-5554, appium:deviceScreenDensity: 560, appium:deviceScreenSize: 1440x2960, appium:deviceUDID: emulator-5554, appium:javascriptEnabled: true, appium:locationContextEnabled: false, appium:networkConnectionEnabled: true, appium:pixelRatio: 3.5, appium:platformVersion: 10, appium:statBarHeight: 171, appium:takesScreenshot: true, appium:viewportRect: {height: 2789, left: 0, top: 171, width: 1440}, appium:warnings: {}, appium:webStorageEnabled: false, platformName: ANDROID}
Element: [[AndroidDriver:  on ANDROID (e0c4f6b7-ccbb-4e74-9a9a-7f128c0c783b)] -> xpath: //android.widget.MultiAutoCompleteTextView]
Session ID: e0c4f6b7-ccbb-4e74-9a9a-7f128c0c783b]]>
            </message>
            <full-stacktrace>
              <![CDATA[org.openqa.selenium.StaleElementReferenceException: The element 'By.xpath: //android.widget.MultiAutoCompleteTextView' is not linked to the same object in DOM anymore
For documentation on this error, please visit: https://www.selenium.dev/documentation/webdriver/troubleshooting/errors#stale-element-reference-exception
Build info: version: '4.18.1', revision: 'b1d3319b48'
System info: os.name: 'Linux', os.arch: 'amd64', os.version: '6.5.0-27-generic', java.version: '17.0.10'
Driver info: io.appium.java_client.android.AndroidDriver
Command: [e0c4f6b7-ccbb-4e74-9a9a-7f128c0c783b, sendKeysToElement {id=00000000-0000-0043-ffff-ffff00000019, value=[Ljava.lang.CharSequence;@1e6b9a95}]
Capabilities {appium:app: /home/ranin/eclipse-workspa..., appium:appPackage: com.facebook.lite, appium:automationName: UIAutomator2, appium:databaseEnabled: false, appium:desired: {app: /home/ranin/eclipse-workspa..., automationName: UIAutomator2, deviceName: Pixel 3 XL API 29, platformName: ANDROID, platformVersion: 10}, appium:deviceApiLevel: 29, appium:deviceManufacturer: Google, appium:deviceModel: Android SDK built for x86, appium:deviceName: emulator-5554, appium:deviceScreenDensity: 560, appium:deviceScreenSize: 1440x2960, appium:deviceUDID: emulator-5554, appium:javascriptEnabled: true, appium:locationContextEnabled: false, appium:networkConnectionEnabled: true, appium:pixelRatio: 3.5, appium:platformVersion: 10, appium:statBarHeight: 171, appium:takesScreenshot: true, appium:viewportRect: {height: 2789, left: 0, top: 171, width: 1440}, appium:warnings: {}, appium:webStorageEnabled: false, platformName: ANDROID}
Element: [[AndroidDriver:  on ANDROID (e0c4f6b7-ccbb-4e74-9a9a-7f128c0c783b)] -> xpath: //android.widget.MultiAutoCompleteTextView]
Session ID: e0c4f6b7-ccbb-4e74-9a9a-7f128c0c783b
	at java.base/jdk.internal.reflect.NativeConstructorAccessorImpl.newInstance0(Native Method)
	at java.base/jdk.internal.reflect.NativeConstructorAccessorImpl.newInstance(NativeConstructorAccessorImpl.java:77)
	at java.base/jdk.internal.reflect.DelegatingConstructorAccessorImpl.newInstance(DelegatingConstructorAccessorImpl.java:45)
	at java.base/java.lang.reflect.Constructor.newInstanceWithCaller(Constructor.java:499)
	at java.base/java.lang.reflect.Constructor.newInstance(Constructor.java:480)
	at org.openqa.selenium.remote.ErrorCodec.decode(ErrorCodec.java:167)
	at org.openqa.selenium.remote.codec.w3c.W3CHttpResponseCodec.decode(W3CHttpResponseCodec.java:138)
	at org.openqa.selenium.remote.codec.w3c.W3CHttpResponseCodec.decode(W3CHttpResponseCodec.java:50)
	at org.openqa.selenium.remote.HttpCommandExecutor.execute(HttpCommandExecutor.java:190)
	at io.appium.java_client.remote.AppiumCommandExecutor.execute(AppiumCommandExecutor.java:237)
	at org.openqa.selenium.remote.RemoteWebDriver.execute(RemoteWebDriver.java:519)
	at org.openqa.selenium.remote.RemoteWebElement.execute(RemoteWebElement.java:223)
	at org.openqa.selenium.remote.RemoteWebElement.sendKeys(RemoteWebElement.java:110)
	at java.base/jdk.internal.reflect.NativeMethodAccessorImpl.invoke0(Native Method)
	at java.base/jdk.internal.reflect.NativeMethodAccessorImpl.invoke(NativeMethodAccessorImpl.java:77)
	at java.base/jdk.internal.reflect.DelegatingMethodAccessorImpl.invoke(DelegatingMethodAccessorImpl.java:43)
	at java.base/java.lang.reflect.Method.invoke(Method.java:568)
	at org.openqa.selenium.support.pagefactory.internal.LocatingElementHandler.invoke(LocatingElementHandler.java:51)
	at jdk.proxy2/jdk.proxy2.$Proxy13.sendKeys(Unknown Source)
	at FaceBookPages.SignUpPage.SignUpEmail(SignUpPage.java:124)
	at FaceBookTests.signUpTest.signUp(signUpTest.java:28)
	at java.base/jdk.internal.reflect.NativeMethodAccessorImpl.invoke0(Native Method)
	at java.base/jdk.internal.reflect.NativeMethodAccessorImpl.invoke(NativeMethodAccessorImpl.java:77)
	at java.base/jdk.internal.reflect.DelegatingMethodAccessorImpl.invoke(DelegatingMethodAccessorImpl.java:43)
	at java.base/java.lang.reflect.Method.invoke(Method.java:568)
	at org.testng.internal.MethodInvocationHelper.invokeMethod(MethodInvocationHelper.java:108)
	at org.testng.internal.Invoker.invokeMethod(Invoker.java:661)
	at org.testng.internal.Invoker.invokeTestMethod(Invoker.java:869)
	at org.testng.internal.Invoker.invokeTestMethods(Invoker.java:1193)
	at org.testng.internal.TestMethodWorker.invokeTestMethods(TestMethodWorker.java:126)
	at org.testng.internal.TestMethodWorker.run(TestMethodWorker.java:109)
	at org.testng.TestRunner.privateRun(TestRunner.java:744)
	at org.testng.TestRunner.run(TestRunner.java:602)
	at org.testng.SuiteRunner.runTest(SuiteRunner.java:380)
	at org.testng.SuiteRunner.runSequentially(SuiteRunner.java:375)
	at org.testng.SuiteRunner.privateRun(SuiteRunner.java:340)
	at org.testng.SuiteRunner.run(SuiteRunner.java:289)
	at org.testng.SuiteRunnerWorker.runSuite(SuiteRunnerWorker.java:52)
	at org.testng.SuiteRunnerWorker.run(SuiteRunnerWorker.java:86)
	at org.testng.TestNG.runSuitesSequentially(TestNG.java:1301)
	at org.testng.TestNG.runSuitesLocally(TestNG.java:1226)
	at org.testng.TestNG.runSuites(TestNG.java:1144)
	at org.testng.TestNG.run(TestNG.java:1115)
	at org.testng.remote.AbstractRemoteTestNG.run(AbstractRemoteTestNG.java:115)
	at org.testng.remote.RemoteTestNG.initAndRun(RemoteTestNG.java:251)
	at org.testng.remote.RemoteTestNG.main(RemoteTestNG.java:77)
]]>
            </full-stacktrace>
          </exception> <!-- org.openqa.selenium.StaleElementReferenceException -->
          <reporter-output>
          </reporter-output>
        </test-method> <!-- signUp -->
        <test-method is-config="true" signature="stopAppiumService()[pri:0, instance:FaceBookTests.signUpTest@2c07545f]" started-at="2024-04-15T12:14:26Z" name="stopAppiumService" finished-at="2024-04-15T12:14:32Z" duration-ms="5685" status="PASS">
          <reporter-output>
          </reporter-output>
        </test-method> <!-- stopAppiumService -->
      </class> <!-- FaceBookTests.signUpTest -->
    </test> <!-- Default test -->
  </suite> <!-- Default suite -->
</testng-results>
